[debug] [2019-08-18T17:26:58.798Z] ----------------------------------------------------------------------
[debug] [2019-08-18T17:26:58.800Z] Command:       /Users/lukasgrossmann/.nvm/versions/node/v10.1.0/bin/node /Users/lukasgrossmann/.nvm/versions/node/v10.1.0/bin/firebase deploy
[debug] [2019-08-18T17:26:58.800Z] CLI Version:   6.10.0
[debug] [2019-08-18T17:26:58.800Z] Platform:      darwin
[debug] [2019-08-18T17:26:58.800Z] Node Version:  v10.1.0
[debug] [2019-08-18T17:26:58.800Z] Time:          Sun Aug 18 2019 19:26:58 GMT+0200 (CEST)
[debug] [2019-08-18T17:26:58.800Z] ----------------------------------------------------------------------
[debug] 
[debug] [2019-08-18T17:26:58.814Z] > command requires scopes: ["email","openid","https://www.googleapis.com/auth/cloudplatformprojects.readonly","https://www.googleapis.com/auth/firebase","https://www.googleapis.com/auth/cloud-platform"]
[debug] [2019-08-18T17:26:58.815Z] > authorizing via signed-in user
[debug] [2019-08-18T17:26:58.815Z] [iam] checking project cklu-2137f for permissions ["firebase.projects.get","firebasehosting.sites.update"]
[debug] [2019-08-18T17:26:58.816Z] > refreshing access token with scopes: ["email","https://www.googleapis.com/auth/cloud-platform","https://www.googleapis.com/auth/cloudplatformprojects.readonly","https://www.googleapis.com/auth/firebase","openid"]
[debug] [2019-08-18T17:26:58.817Z] >>> HTTP REQUEST POST https://www.googleapis.com/oauth2/v3/token  
 <request body omitted>
[debug] [2019-08-18T17:26:58.999Z] <<< HTTP RESPONSE 200
[debug] [2019-08-18T17:26:59.011Z] >>> HTTP REQUEST POST https://cloudresourcemanager.googleapis.com/v1/projects/cklu-2137f:testIamPermissions  

[debug] [2019-08-18T17:26:59.909Z] <<< HTTP RESPONSE 200
[debug] [2019-08-18T17:26:59.911Z] >>> HTTP REQUEST GET https://firebase.googleapis.com/v1beta1/projects/cklu-2137f  
 
[debug] [2019-08-18T17:27:00.326Z] <<< HTTP RESPONSE 200
[info] 
[info] === Deploying to 'cklu-2137f'...
[info] 
[info] i  deploying hosting
[debug] [2019-08-18T17:27:00.331Z] >>> HTTP REQUEST POST https://firebasehosting.googleapis.com/v1beta1/sites/cklu-2137f/versions  

